2025-03-29 17:51:13,958 - INFO - [31m[1mWARNING: This is a development server. Do not use it in a production deployment. Use a production WSGI server instead.[0m
 * Running on http://127.0.0.1:5000
2025-03-29 17:51:13,958 - INFO - [33mPress CTRL+C to quit[0m
2025-03-29 17:51:13,960 - INFO -  * Restarting with stat
2025-03-29 17:51:14,322 - WARNING -  * Debugger is active!
2025-03-29 17:51:14,323 - INFO -  * Debugger PIN: 548-853-324
2025-03-29 17:51:34,986 - INFO - 127.0.0.1 - - [29/Mar/2025 17:51:34] "[33mGET / HTTP/1.1[0m" 404 -
2025-03-29 17:51:35,220 - INFO - 127.0.0.1 - - [29/Mar/2025 17:51:35] "[33mGET /favicon.ico HTTP/1.1[0m" 404 -
2025-03-29 17:53:56,612 - INFO -  * Detected change in '/workspaces/api-monitoring-system/app2.py', reloading
2025-03-29 17:53:56,683 - INFO -  * Restarting with stat
2025-03-29 17:53:56,966 - WARNING -  * Debugger is active!
2025-03-29 17:53:56,966 - INFO -  * Debugger PIN: 548-853-324
2025-03-29 17:53:59,354 - INFO -  * Detected change in '/workspaces/api-monitoring-system/app2.py', reloading
2025-03-29 17:53:59,383 - INFO -  * Restarting with stat
2025-03-29 17:53:59,544 - WARNING -  * Debugger is active!
2025-03-29 17:53:59,544 - INFO -  * Debugger PIN: 548-853-324
2025-03-29 17:55:42,908 - INFO -  * Detected change in '/workspaces/api-monitoring-system/generator.py', reloading
2025-03-29 17:55:42,938 - INFO -  * Restarting with stat
2025-03-29 17:55:43,102 - WARNING -  * Debugger is active!
2025-03-29 17:55:43,103 - INFO -  * Debugger PIN: 548-853-324
2025-03-29 17:55:45,376 - INFO -  * Detected change in '/workspaces/api-monitoring-system/generator.py', reloading
2025-03-29 17:55:45,404 - INFO -  * Restarting with stat
2025-03-29 17:55:45,567 - WARNING -  * Debugger is active!
2025-03-29 17:55:45,567 - INFO -  * Debugger PIN: 548-853-324
2025-03-29 17:55:48,022 - INFO -  * Detected change in '/workspaces/api-monitoring-system/generator.py', reloading
2025-03-29 17:55:48,055 - INFO -  * Restarting with stat
2025-03-29 17:55:48,219 - WARNING -  * Debugger is active!
2025-03-29 17:55:48,219 - INFO -  * Debugger PIN: 548-853-324
2025-03-29 17:55:59,150 - INFO -  * Detected change in '/workspaces/api-monitoring-system/app2.py', reloading
2025-03-29 17:55:59,181 - INFO -  * Restarting with stat
2025-03-29 17:55:59,344 - WARNING -  * Debugger is active!
2025-03-29 17:55:59,345 - INFO -  * Debugger PIN: 548-853-324
2025-03-29 17:56:07,053 - INFO - [31m[1mWARNING: This is a development server. Do not use it in a production deployment. Use a production WSGI server instead.[0m
 * Running on http://127.0.0.1:5001
2025-03-29 17:56:07,053 - INFO - [33mPress CTRL+C to quit[0m
2025-03-29 17:56:07,054 - INFO -  * Restarting with stat
2025-03-29 17:56:07,241 - WARNING -  * Debugger is active!
2025-03-29 17:56:07,242 - INFO -  * Debugger PIN: 548-853-324
2025-03-29 17:57:03,254 - INFO -  * Detected change in '/workspaces/api-monitoring-system/app2.py', reloading
2025-03-29 17:57:03,283 - INFO -  * Restarting with stat
2025-03-29 17:57:04,271 - INFO -  * Restarting with stat
